{
  "stats": {
    "suites": 1,
    "tests": 2,
    "passes": 2,
    "pending": 0,
    "failures": 0,
    "start": "2024-03-14T16:42:35.677Z",
    "end": "2024-03-14T16:44:25.732Z",
    "duration": 110055,
    "testsRegistered": 2,
    "passPercent": 100,
    "pendingPercent": 0,
    "other": 0,
    "hasOther": false,
    "skipped": 0,
    "hasSkipped": false
  },
  "results": [
    {
      "uuid": "1d56ddff-3a9a-444d-8293-3ae244ef3be9",
      "title": "",
      "fullFile": "cypress\\e2e\\Features\\02Management.feature",
      "file": "cypress\\e2e\\Features\\02Management.feature",
      "beforeHooks": [],
      "afterHooks": [],
      "tests": [],
      "suites": [
        {
          "uuid": "36355bf9-a74c-45cf-8bab-0bcd627b2245",
          "title": "Employee Management",
          "fullFile": "",
          "file": "",
          "beforeHooks": [],
          "afterHooks": [],
          "tests": [
            {
              "title": "Employees are Added",
              "fullTitle": "Employee Management Employees are Added",
              "timedOut": null,
              "duration": 84913,
              "state": "passed",
              "speed": "slow",
              "pass": true,
              "fail": false,
              "pending": false,
              "context": null,
              "code": "const state = window.testState;\nreturn cy\n  .then(() => state.onStartScenario(scenario, indexedSteps))\n  .then(() =>\n    resolveAndRunBeforeHooks.call(this, scenario.tags, state.feature.name)\n  )\n  .then(() =>\n    indexedSteps.forEach((step) =>\n      stepTest.call(this, state, step, rowData)\n    )\n  )\n  .then(() => state.onFinishScenario(scenario));",
              "err": {},
              "uuid": "b34f996b-8a14-4126-9334-96bbfcdc1aa7",
              "parentUUID": "36355bf9-a74c-45cf-8bab-0bcd627b2245",
              "isHook": false,
              "skipped": false
            },
            {
              "title": "Employee is Searched and Edited",
              "fullTitle": "Employee Management Employee is Searched and Edited",
              "timedOut": null,
              "duration": 24835,
              "state": "passed",
              "speed": "slow",
              "pass": true,
              "fail": false,
              "pending": false,
              "context": null,
              "code": "const state = window.testState;\nreturn cy\n  .then(() => state.onStartScenario(scenario, indexedSteps))\n  .then(() =>\n    resolveAndRunBeforeHooks.call(this, scenario.tags, state.feature.name)\n  )\n  .then(() =>\n    indexedSteps.forEach((step) =>\n      stepTest.call(this, state, step, rowData)\n    )\n  )\n  .then(() => state.onFinishScenario(scenario));",
              "err": {},
              "uuid": "8eb5824d-d983-456a-a560-38180987aa94",
              "parentUUID": "36355bf9-a74c-45cf-8bab-0bcd627b2245",
              "isHook": false,
              "skipped": false
            }
          ],
          "suites": [],
          "passes": [
            "b34f996b-8a14-4126-9334-96bbfcdc1aa7",
            "8eb5824d-d983-456a-a560-38180987aa94"
          ],
          "failures": [],
          "pending": [],
          "skipped": [],
          "duration": 109748,
          "root": false,
          "rootEmpty": false,
          "_timeout": 2000
        }
      ],
      "passes": [],
      "failures": [],
      "pending": [],
      "skipped": [],
      "duration": 0,
      "root": true,
      "rootEmpty": true,
      "_timeout": 2000
    }
  ],
  "meta": {
    "mocha": {
      "version": "7.0.1"
    },
    "mochawesome": {
      "options": {
        "quiet": false,
        "reportFilename": "mochawesome",
        "saveHtml": true,
        "saveJson": true,
        "consoleReporter": "spec",
        "useInlineDiffs": false,
        "code": true
      },
      "version": "7.1.3"
    },
    "marge": {
      "options": {
        "reportDir": "cypress/reports",
        "overwrite": true,
        "html": true,
        "json": true
      },
      "version": "6.2.0"
    }
  }
}