{
  "stats": {
    "suites": 1,
    "tests": 2,
    "passes": 2,
    "pending": 0,
    "failures": 0,
    "start": "2024-03-13T22:07:08.747Z",
    "end": "2024-03-13T22:07:39.162Z",
    "duration": 30415,
    "testsRegistered": 2,
    "passPercent": 100,
    "pendingPercent": 0,
    "other": 0,
    "hasOther": false,
    "skipped": 0,
    "hasSkipped": false
  },
  "results": [
    {
      "uuid": "10c43c2e-5774-455c-917c-54d5e877a2e5",
      "title": "",
      "fullFile": "cypress\\e2e\\Features\\02Management.feature",
      "file": "cypress\\e2e\\Features\\02Management.feature",
      "beforeHooks": [],
      "afterHooks": [],
      "tests": [],
      "suites": [
        {
          "uuid": "204f4300-f7db-4639-8514-cbdf2de5f1a0",
          "title": "Employee Management",
          "fullFile": "",
          "file": "",
          "beforeHooks": [],
          "afterHooks": [],
          "tests": [
            {
              "title": "Employees are Added",
              "fullTitle": "Employee Management Employees are Added",
              "timedOut": null,
              "duration": 14692,
              "state": "passed",
              "speed": "slow",
              "pass": true,
              "fail": false,
              "pending": false,
              "context": null,
              "code": "const state = window.testState;\nreturn cy\n  .then(() => state.onStartScenario(scenario, indexedSteps))\n  .then(() =>\n    resolveAndRunBeforeHooks.call(this, scenario.tags, state.feature.name)\n  )\n  .then(() =>\n    indexedSteps.forEach((step) =>\n      stepTest.call(this, state, step, rowData)\n    )\n  )\n  .then(() => state.onFinishScenario(scenario));",
              "err": {},
              "uuid": "b3a9ae0d-e529-4796-b637-3b772efe2972",
              "parentUUID": "204f4300-f7db-4639-8514-cbdf2de5f1a0",
              "isHook": false,
              "skipped": false
            },
            {
              "title": "Employee is Searched and Edited",
              "fullTitle": "Employee Management Employee is Searched and Edited",
              "timedOut": null,
              "duration": 12680,
              "state": "passed",
              "speed": "slow",
              "pass": true,
              "fail": false,
              "pending": false,
              "context": null,
              "code": "const state = window.testState;\nreturn cy\n  .then(() => state.onStartScenario(scenario, indexedSteps))\n  .then(() =>\n    resolveAndRunBeforeHooks.call(this, scenario.tags, state.feature.name)\n  )\n  .then(() =>\n    indexedSteps.forEach((step) =>\n      stepTest.call(this, state, step, rowData)\n    )\n  )\n  .then(() => state.onFinishScenario(scenario));",
              "err": {},
              "uuid": "d827cfb6-53e8-4b9f-b677-054933b3c64b",
              "parentUUID": "204f4300-f7db-4639-8514-cbdf2de5f1a0",
              "isHook": false,
              "skipped": false
            }
          ],
          "suites": [],
          "passes": [
            "b3a9ae0d-e529-4796-b637-3b772efe2972",
            "d827cfb6-53e8-4b9f-b677-054933b3c64b"
          ],
          "failures": [],
          "pending": [],
          "skipped": [],
          "duration": 27372,
          "root": false,
          "rootEmpty": false,
          "_timeout": 2000
        }
      ],
      "passes": [],
      "failures": [],
      "pending": [],
      "skipped": [],
      "duration": 0,
      "root": true,
      "rootEmpty": true,
      "_timeout": 2000
    }
  ],
  "meta": {
    "mocha": {
      "version": "7.0.1"
    },
    "mochawesome": {
      "options": {
        "quiet": false,
        "reportFilename": "mochawesome",
        "saveHtml": true,
        "saveJson": true,
        "consoleReporter": "spec",
        "useInlineDiffs": false,
        "code": true
      },
      "version": "7.1.3"
    },
    "marge": {
      "options": {
        "reportDir": "cypress/reports",
        "overwrite": true,
        "html": true,
        "json": true
      },
      "version": "6.2.0"
    }
  }
}